Flutter crash report.
Please report a bug at https://github.com/flutter/flutter/issues.

## command

flutter --no-color run --machine --track-widget-creation --device-id=emulator-5554 --start-paused --dart-define=flutter.inspector.structuredErrors=true lib\main.dart

## exception

StateError: Bad state: Failed to start Dart Development Service

```
#0      DartDevelopmentService.startDartDevelopmentService (package:flutter_tools/src/base/dds.dart:114:9)
<asynchronous suspension>
#1      FlutterDevice.connect.<anonymous closure> (package:flutter_tools/src/resident_runner.dart:295:11)
<asynchronous suspension>
```

## flutter doctor

```
[✓] Flutter (Channel beta, 3.27.0-0.2.pre, on Microsoft Windows [Version 10.0.22621.1848], locale ru-RU)
    • Flutter version 3.27.0-0.2.pre on channel beta at C:\Users\user\flutter
    • Upstream repository https://github.com/flutter/flutter.git
    • Framework revision fc011960a2 (4 weeks ago), 2024-11-14 12:19:18 -0800
    • Engine revision 397deba30f
    • Dart version 3.6.0 (build 3.6.0-334.4.beta)
    • DevTools version 2.40.1

[✓] Windows Version (Installed version of Windows is version 10 or higher)

[✓] Android toolchain - develop for Android devices (Android SDK version 35.0.0)
    • Android SDK at C:\Users\user\AppData\Local\Android\sdk
    • Platform android-35, build-tools 35.0.0
    • Java binary at: C:\Program Files\Android\Android Studio\jbr\bin\java
    • Java version OpenJDK Runtime Environment (build 17.0.11+0--11852314)
    • All Android licenses accepted.

[✓] Chrome - develop for the web
    • Chrome at C:\Program Files\Google\Chrome\Application\chrome.exe

[✓] Visual Studio - develop Windows apps (Visual Studio Community 2019 16.11.39)
    • Visual Studio at C:\Program Files (x86)\Microsoft Visual Studio\2019\Community
    • Visual Studio Community 2019 version 16.11.35130.168
    • Windows 10 SDK version 10.0.19041.0

[✓] Android Studio (version 2024.1)
    • Android Studio at C:\Program Files\Android\Android Studio
    • Flutter plugin can be installed from:
      🔨 https://plugins.jetbrains.com/plugin/9212-flutter
    • Dart plugin can be installed from:
      🔨 https://plugins.jetbrains.com/plugin/6351-dart
    • Java version OpenJDK Runtime Environment (build 17.0.11+0--11852314)

[✓] VS Code (version 1.94.2)
    • VS Code at C:\Users\user\AppData\Local\Programs\Microsoft VS Code
    • Flutter extension can be installed from:
      🔨 https://marketplace.visualstudio.com/items?itemName=Dart-Code.flutter

[✓] Connected device (4 available)
    • sdk gphone16k x86 64 (mobile) • emulator-5554 • android-x64    • Android 15 (API 35) (emulator)
    • Windows (desktop)             • windows       • windows-x64    • Microsoft Windows [Version 10.0.22621.1848]
    • Chrome (web)                  • chrome        • web-javascript • Google Chrome 131.0.6778.139
    • Edge (web)                    • edge          • web-javascript • Microsoft Edge 131.0.2903.86

[✓] Network resources
    • All expected network resources are available.

• No issues found!
```
